<?xml version="1.0" encoding="UTF-8"?>
<testsuite name="com.actionbarsherlock.internal.ManifestParsingTest" time="0.011" tests="4" errors="0" skipped="0" failures="0">
  <properties>
    <property name="java.runtime.name" value="Java(TM) SE Runtime Environment"/>
    <property name="android.sdk.path" value="/home/gopinithya/work/Android/android-sdk-linux/"/>
    <property name="sun.boot.library.path" value="/home/gopinithya/work/java/1.6/jdk1.6.0_45/jre/lib/amd64"/>
    <property name="java.vm.version" value="20.45-b01"/>
    <property name="java.vm.vendor" value="Sun Microsystems Inc."/>
    <property name="java.vendor.url" value="http://java.sun.com/"/>
    <property name="path.separator" value=":"/>
    <property name="guice.disable.misplaced.annotation.check" value="true"/>
    <property name="java.vm.name" value="Java HotSpot(TM) 64-Bit Server VM"/>
    <property name="file.encoding.pkg" value="sun.io"/>
    <property name="idea.launcher.port" value="7536"/>
    <property name="user.country" value="GB"/>
    <property name="sun.java.launcher" value="SUN_STANDARD"/>
    <property name="sun.os.patch.level" value="unknown"/>
    <property name="java.vm.specification.name" value="Java Virtual Machine Specification"/>
    <property name="user.dir" value="/home/gopinithya/work/git-repo-source-wood/SourceWood/Ushahidi_Android-develop-/Libraries/abs"/>
    <property name="checkstyle.skip" value="true"/>
    <property name="java.runtime.version" value="1.6.0_45-b06"/>
    <property name="java.awt.graphicsenv" value="sun.awt.X11GraphicsEnvironment"/>
    <property name="java.endorsed.dirs" value="/home/gopinithya/work/java/1.6/jdk1.6.0_45/jre/lib/endorsed"/>
    <property name="os.arch" value="amd64"/>
    <property name="java.io.tmpdir" value="/tmp"/>
    <property name="line.separator" value="&#10;"/>
    <property name="java.vm.specification.vendor" value="Sun Microsystems Inc."/>
    <property name="os.name" value="Linux"/>
    <property name="classworlds.conf" value="/usr/share/maven/bin/m2.conf"/>
    <property name="sun.jnu.encoding" value="UTF-8"/>
    <property name="java.library.path" value="/home/gopinithya/work/java/1.6/jdk1.6.0_45/jre/lib/amd64/server:/home/gopinithya/work/java/1.6/jdk1.6.0_45/jre/lib/amd64:/home/gopinithya/work/java/1.6/jdk1.6.0_45/jre/../lib/amd64:.::/usr/java/packages/lib/amd64:/usr/lib64:/lib64:/lib:/usr/lib"/>
    <property name="java.specification.name" value="Java Platform API Specification"/>
    <property name="java.class.version" value="50.0"/>
    <property name="sun.management.compiler" value="HotSpot 64-Bit Tiered Compilers"/>
    <property name="os.version" value="3.13.0-32-generic"/>
    <property name="user.home" value="/home/gopinithya"/>
    <property name="user.timezone" value="Europe/London"/>
    <property name="java.awt.printerjob" value="sun.print.PSPrinterJob"/>
    <property name="java.specification.version" value="1.6"/>
    <property name="file.encoding" value="UTF-8"/>
    <property name="idea.launcher.bin.path" value="/home/gopinithya/apps/idea-IU-107.777/bin"/>
    <property name="user.name" value="gopinithya"/>
    <property name="java.class.path" value="/usr/share/maven/boot/plexus-classworlds-2.x.jar:/home/gopinithya/apps/idea-IU-107.777/lib/idea_rt.jar"/>
    <property name="java.vm.specification.version" value="1.0"/>
    <property name="sun.arch.data.model" value="64"/>
    <property name="java.home" value="/home/gopinithya/work/java/1.6/jdk1.6.0_45/jre"/>
    <property name="sun.java.command" value="com.intellij.rt.execution.application.AppMain org.codehaus.classworlds.Launcher --no-plugin-registry --fail-fast --no-plugin-updates --strict-checksums --update-snapshots -f /home/gopinithya/work/git-repo-source-wood/SourceWood/Ushahidi_Android-develop-/Libraries/abs/pom.xml install -Dandroid.sdk.path=/home/gopinithya/work/Android/android-sdk-linux/ -Dcheckstyle.skip=true"/>
    <property name="java.specification.vendor" value="Sun Microsystems Inc."/>
    <property name="user.language" value="en"/>
    <property name="java.vm.info" value="mixed mode"/>
    <property name="java.version" value="1.6.0_45"/>
    <property name="java.ext.dirs" value="/home/gopinithya/work/java/1.6/jdk1.6.0_45/jre/lib/ext:/usr/java/packages/lib/ext"/>
    <property name="securerandom.source" value="file:/dev/./urandom"/>
    <property name="sun.boot.class.path" value="/home/gopinithya/work/java/1.6/jdk1.6.0_45/jre/lib/resources.jar:/home/gopinithya/work/java/1.6/jdk1.6.0_45/jre/lib/rt.jar:/home/gopinithya/work/java/1.6/jdk1.6.0_45/jre/lib/sunrsasign.jar:/home/gopinithya/work/java/1.6/jdk1.6.0_45/jre/lib/jsse.jar:/home/gopinithya/work/java/1.6/jdk1.6.0_45/jre/lib/jce.jar:/home/gopinithya/work/java/1.6/jdk1.6.0_45/jre/lib/charsets.jar:/home/gopinithya/work/java/1.6/jdk1.6.0_45/jre/lib/modules/jdk.boot.jar:/home/gopinithya/work/java/1.6/jdk1.6.0_45/jre/classes"/>
    <property name="java.vendor" value="Sun Microsystems Inc."/>
    <property name="maven.home" value="/usr/share/maven"/>
    <property name="file.separator" value="/"/>
    <property name="java.vendor.url.bug" value="http://java.sun.com/cgi-bin/bugreport.cgi"/>
    <property name="sun.cpu.endian" value="little"/>
    <property name="sun.io.unicode.encoding" value="UnicodeLittle"/>
    <property name="sun.desktop" value="gnome"/>
    <property name="sun.cpu.isalist" value=""/>
  </properties>
  <testcase name="testFullyQualifiedClassName" classname="com.actionbarsherlock.internal.ManifestParsingTest" time="0.011"/>
  <testcase name="testFullyQualifiedClassNameSamePackage" classname="com.actionbarsherlock.internal.ManifestParsingTest" time="0"/>
  <testcase name="testUnqualifiedClassName" classname="com.actionbarsherlock.internal.ManifestParsingTest" time="0"/>
  <testcase name="testRelativeClassName" classname="com.actionbarsherlock.internal.ManifestParsingTest" time="0"/>
</testsuite>